# JRE version: OpenJDK Runtime Environment Temurin-17.0.5+8 (17.0.5+8) (build 17.0.5+8)
# Java VM: OpenJDK 64-Bit Server VM Temurin-17.0.5+8 (17.0.5+8, mixed mode, tiered, compressed oops, compressed class ptrs, parallel gc, windows-amd64)
GC Precious Log:
 CPUs: 16 total, 16 available
 Memory: 32562M
 Large Page Support: Disabled
 NUMA Support: Disabled
 Compressed Oops: Enabled (32-bit)
 Alignments: Space 512K, Generation 512K, Heap 2M
 Heap Min Capacity: 100M
 Heap Initial Capacity: 100M
 Heap Max Capacity: 1G
 Pre-touch: Disabled
 Parallel Workers: 13
Heap:
 PSYoungGen      total 23040K, used 1120K [0x00000000eab00000, 0x00000000ed200000, 0x0000000100000000)
  eden space 21504K, 0% used [0x00000000eab00000,0x00000000eab00000,0x00000000ec000000)
  from space 1536K, 72% used [0x00000000ec000000,0x00000000ec118000,0x00000000ec180000)
  to   space 7168K, 0% used [0x00000000ecb00000,0x00000000ecb00000,0x00000000ed200000)
 ParOldGen       total 236544K, used 227369K [0x00000000c0000000, 0x00000000ce700000, 0x00000000eab00000)
  object space 236544K, 96% used [0x00000000c0000000,0x00000000cde0a648,0x00000000ce700000)
 Metaspace       used 85851K, committed 87104K, reserved 1130496K
  class space    used 8488K, committed 9088K, reserved 1048576K
GC Heap History (20 events):
Event: 7179.722 GC heap after
{Heap after GC invocations=1564 (full 48):
 PSYoungGen      total 26112K, used 2086K [0x00000000eab00000, 0x00000000ecc00000, 0x0000000100000000)
  eden space 23552K, 0% used [0x00000000eab00000,0x00000000eab00000,0x00000000ec200000)
  from space 2560K, 81% used [0x00000000ec980000,0x00000000ecb89b28,0x00000000ecc00000)
  to   space 2560K, 0% used [0x00000000ec680000,0x00000000ec680000,0x00000000ec900000)
 ParOldGen       total 236544K, used 158065K [0x00000000c0000000, 0x00000000ce700000, 0x00000000eab00000)
  object space 236544K, 66% used [0x00000000c0000000,0x00000000c9a5c6e8,0x00000000ce700000)
 Metaspace       used 85846K, committed 87104K, reserved 1130496K
  class space    used 8488K, committed 9088K, reserved 1048576K
}
Event: 7180.579 GC heap before
{Heap before GC invocations=1565 (full 48):
 PSYoungGen      total 26112K, used 25638K [0x00000000eab00000, 0x00000000ecc00000, 0x0000000100000000)
  eden space 23552K, 100% used [0x00000000eab00000,0x00000000ec200000,0x00000000ec200000)
  from space 2560K, 81% used [0x00000000ec980000,0x00000000ecb89b28,0x00000000ecc00000)
  to   space 2560K, 0% used [0x00000000ec680000,0x00000000ec680000,0x00000000ec900000)
 ParOldGen       total 236544K, used 158065K [0x00000000c0000000, 0x00000000ce700000, 0x00000000eab00000)
  object space 236544K, 66% used [0x00000000c0000000,0x00000000c9a5c6e8,0x00000000ce700000)
 Metaspace       used 85846K, committed 87104K, reserved 1130496K
  class space    used 8488K, committed 9088K, reserved 1048576K
}
Event: 7180.580 GC heap after
{Heap after GC invocations=1565 (full 48):
 PSYoungGen      total 25600K, used 1625K [0x00000000eab00000, 0x00000000eca00000, 0x0000000100000000)
  eden space 23552K, 0% used [0x00000000eab00000,0x00000000eab00000,0x00000000ec200000)
  from space 2048K, 79% used [0x00000000ec680000,0x00000000ec816410,0x00000000ec880000)
  to   space 1536K, 0% used [0x00000000ec880000,0x00000000ec880000,0x00000000eca00000)
 ParOldGen       total 236544K, used 159779K [0x00000000c0000000, 0x00000000ce700000, 0x00000000eab00000)
  object space 236544K, 67% used [0x00000000c0000000,0x00000000c9c08c98,0x00000000ce700000)
 Metaspace       used 85846K, committed 87104K, reserved 1130496K
  class space    used 8488K, committed 9088K, reserved 1048576K
}
Event: 7180.607 GC heap before
{Heap before GC invocations=1566 (full 48):
 PSYoungGen      total 25600K, used 25177K [0x00000000eab00000, 0x00000000eca00000, 0x0000000100000000)
  eden space 23552K, 100% used [0x00000000eab00000,0x00000000ec200000,0x00000000ec200000)
  from space 2048K, 79% used [0x00000000ec680000,0x00000000ec816410,0x00000000ec880000)
  to   space 1536K, 0% used [0x00000000ec880000,0x00000000ec880000,0x00000000eca00000)
 ParOldGen       total 236544K, used 159779K [0x00000000c0000000, 0x00000000ce700000, 0x00000000eab00000)
  object space 236544K, 67% used [0x00000000c0000000,0x00000000c9c08c98,0x00000000ce700000)
 Metaspace       used 85846K, committed 87104K, reserved 1130496K
  class space    used 8488K, committed 9088K, reserved 1048576K
}
Event: 7180.610 GC heap after
{Heap after GC invocations=1566 (full 48):
 PSYoungGen      total 12800K, used 1513K [0x00000000eab00000, 0x00000000ee700000, 0x0000000100000000)
  eden space 11264K, 0% used [0x00000000eab00000,0x00000000eab00000,0x00000000eb600000)
  from space 1536K, 98% used [0x00000000ec880000,0x00000000ec9fa400,0x00000000eca00000)
  to   space 18944K, 0% used [0x00000000eb600000,0x00000000eb600000,0x00000000ec880000)
 ParOldGen       total 236544K, used 174642K [0x00000000c0000000, 0x00000000ce700000, 0x00000000eab00000)
  object space 236544K, 73% used [0x00000000c0000000,0x00000000caa8c828,0x00000000ce700000)
 Metaspace       used 85846K, committed 87104K, reserved 1130496K
  class space    used 8488K, committed 9088K, reserved 1048576K
}
Event: 7180.625 GC heap before
{Heap before GC invocations=1567 (full 48):
 PSYoungGen      total 12800K, used 12777K [0x00000000eab00000, 0x00000000ee700000, 0x0000000100000000)
  eden space 11264K, 100% used [0x00000000eab00000,0x00000000eb600000,0x00000000eb600000)
  from space 1536K, 98% used [0x00000000ec880000,0x00000000ec9fa400,0x00000000eca00000)
  to   space 18944K, 0% used [0x00000000eb600000,0x00000000eb600000,0x00000000ec880000)
 ParOldGen       total 236544K, used 174642K [0x00000000c0000000, 0x00000000ce700000, 0x00000000eab00000)
  object space 236544K, 73% used [0x00000000c0000000,0x00000000caa8c828,0x00000000ce700000)
 Metaspace       used 85846K, committed 87104K, reserved 1130496K
  class space    used 8488K, committed 9088K, reserved 1048576K
}
Event: 7180.633 GC heap after
{Heap after GC invocations=1567 (full 48):
 PSYoungGen      total 23040K, used 11456K [0x00000000eab00000, 0x00000000ed000000, 0x0000000100000000)
  eden space 11264K, 0% used [0x00000000eab00000,0x00000000eab00000,0x00000000eb600000)
  from space 11776K, 97% used [0x00000000eb600000,0x00000000ec130000,0x00000000ec180000)
  to   space 13312K, 0% used [0x00000000ec300000,0x00000000ec300000,0x00000000ed000000)
 ParOldGen       total 236544K, used 176212K [0x00000000c0000000, 0x00000000ce700000, 0x00000000eab00000)
  object space 236544K, 74% used [0x00000000c0000000,0x00000000cac153e8,0x00000000ce700000)
 Metaspace       used 85846K, committed 87104K, reserved 1130496K
  class space    used 8488K, committed 9088K, reserved 1048576K
}
Event: 7180.644 GC heap before
{Heap before GC invocations=1568 (full 48):
 PSYoungGen      total 23040K, used 22720K [0x00000000eab00000, 0x00000000ed000000, 0x0000000100000000)
  eden space 11264K, 100% used [0x00000000eab00000,0x00000000eb600000,0x00000000eb600000)
  from space 11776K, 97% used [0x00000000eb600000,0x00000000ec130000,0x00000000ec180000)
  to   space 13312K, 0% used [0x00000000ec300000,0x00000000ec300000,0x00000000ed000000)
 ParOldGen       total 236544K, used 176212K [0x00000000c0000000, 0x00000000ce700000, 0x00000000eab00000)
  object space 236544K, 74% used [0x00000000c0000000,0x00000000cac153e8,0x00000000ce700000)
 Metaspace       used 85846K, committed 87104K, reserved 1130496K
  class space    used 8488K, committed 9088K, reserved 1048576K
}
Event: 7180.654 GC heap after
{Heap after GC invocations=1568 (full 48):
 PSYoungGen      total 19968K, used 5775K [0x00000000eab00000, 0x00000000ec900000, 0x0000000100000000)
  eden space 13824K, 0% used [0x00000000eab00000,0x00000000eab00000,0x00000000eb880000)
  from space 6144K, 93% used [0x00000000ec300000,0x00000000ec8a3c80,0x00000000ec900000)
  to   space 8192K, 0% used [0x00000000eb900000,0x00000000eb900000,0x00000000ec100000)
 ParOldGen       total 236544K, used 187612K [0x00000000c0000000, 0x00000000ce700000, 0x00000000eab00000)
  object space 236544K, 79% used [0x00000000c0000000,0x00000000cb7373e8,0x00000000ce700000)
 Metaspace       used 85846K, committed 87104K, reserved 1130496K
  class space    used 8488K, committed 9088K, reserved 1048576K
}
Event: 7180.662 GC heap before
{Heap before GC invocations=1569 (full 48):
 PSYoungGen      total 19968K, used 19599K [0x00000000eab00000, 0x00000000ec900000, 0x0000000100000000)
  eden space 13824K, 100% used [0x00000000eab00000,0x00000000eb880000,0x00000000eb880000)
  from space 6144K, 93% used [0x00000000ec300000,0x00000000ec8a3c80,0x00000000ec900000)
  to   space 8192K, 0% used [0x00000000eb900000,0x00000000eb900000,0x00000000ec100000)
 ParOldGen       total 236544K, used 187612K [0x00000000c0000000, 0x00000000ce700000, 0x00000000eab00000)
  object space 236544K, 79% used [0x00000000c0000000,0x00000000cb7373e8,0x00000000ce700000)
 Metaspace       used 85846K, committed 87104K, reserved 1130496K
  class space    used 8488K, committed 9088K, reserved 1048576K
}
Event: 7180.666 GC heap after
{Heap after GC invocations=1569 (full 48):
 PSYoungGen      total 15872K, used 1408K [0x00000000eab00000, 0x00000000ec380000, 0x0000000100000000)
  eden space 14336K, 0% used [0x00000000eab00000,0x00000000eab00000,0x00000000eb900000)
  from space 1536K, 91% used [0x00000000eb900000,0x00000000eba60020,0x00000000eba80000)
  to   space 3584K, 0% used [0x00000000ec000000,0x00000000ec000000,0x00000000ec380000)
 ParOldGen       total 236544K, used 193194K [0x00000000c0000000, 0x00000000ce700000, 0x00000000eab00000)
  object space 236544K, 81% used [0x00000000c0000000,0x00000000cbcaaa28,0x00000000ce700000)
 Metaspace       used 85846K, committed 87104K, reserved 1130496K
  class space    used 8488K, committed 9088K, reserved 1048576K
}
Event: 7180.677 GC heap before
{Heap before GC invocations=1570 (full 48):
 PSYoungGen      total 15872K, used 15744K [0x00000000eab00000, 0x00000000ec380000, 0x0000000100000000)
  eden space 14336K, 100% used [0x00000000eab00000,0x00000000eb900000,0x00000000eb900000)
  from space 1536K, 91% used [0x00000000eb900000,0x00000000eba60020,0x00000000eba80000)
  to   space 3584K, 0% used [0x00000000ec000000,0x00000000ec000000,0x00000000ec380000)
 ParOldGen       total 236544K, used 193194K [0x00000000c0000000, 0x00000000ce700000, 0x00000000eab00000)
  object space 236544K, 81% used [0x00000000c0000000,0x00000000cbcaaa28,0x00000000ce700000)
 Metaspace       used 85851K, committed 87104K, reserved 1130496K
  class space    used 8488K, committed 9088K, reserved 1048576K
}
Event: 7180.678 GC heap after
{Heap after GC invocations=1570 (full 48):
 PSYoungGen      total 18944K, used 1382K [0x00000000eab00000, 0x00000000ec180000, 0x0000000100000000)
  eden space 17408K, 0% used [0x00000000eab00000,0x00000000eab00000,0x00000000ebc00000)
  from space 1536K, 89% used [0x00000000ec000000,0x00000000ec159880,0x00000000ec180000)
  to   space 2048K, 0% used [0x00000000ebd80000,0x00000000ebd80000,0x00000000ebf80000)
 ParOldGen       total 236544K, used 194438K [0x00000000c0000000, 0x00000000ce700000, 0x00000000eab00000)
  object space 236544K, 82% used [0x00000000c0000000,0x00000000cbde1a98,0x00000000ce700000)
 Metaspace       used 85851K, committed 87104K, reserved 1130496K
  class space    used 8488K, committed 9088K, reserved 1048576K
}
Event: 7180.699 GC heap before
{Heap before GC invocations=1571 (full 48):
 PSYoungGen      total 18944K, used 18790K [0x00000000eab00000, 0x00000000ec180000, 0x0000000100000000)
  eden space 17408K, 100% used [0x00000000eab00000,0x00000000ebc00000,0x00000000ebc00000)
  from space 1536K, 89% used [0x00000000ec000000,0x00000000ec159880,0x00000000ec180000)
  to   space 2048K, 0% used [0x00000000ebd80000,0x00000000ebd80000,0x00000000ebf80000)
 ParOldGen       total 236544K, used 194438K [0x00000000c0000000, 0x00000000ce700000, 0x00000000eab00000)
  object space 236544K, 82% used [0x00000000c0000000,0x00000000cbde1a98,0x00000000ce700000)
 Metaspace       used 85851K, committed 87104K, reserved 1130496K
  class space    used 8488K, committed 9088K, reserved 1048576K
}
Event: 7180.702 GC heap after
{Heap after GC invocations=1571 (full 48):
 PSYoungGen      total 20992K, used 2027K [0x00000000eab00000, 0x00000000ee400000, 0x0000000100000000)
  eden space 18944K, 0% used [0x00000000eab00000,0x00000000eab00000,0x00000000ebd80000)
  from space 2048K, 99% used [0x00000000ebd80000,0x00000000ebf7af98,0x00000000ebf80000)
  to   space 18944K, 0% used [0x00000000ed180000,0x00000000ed180000,0x00000000ee400000)
 ParOldGen       total 236544K, used 208497K [0x00000000c0000000, 0x00000000ce700000, 0x00000000eab00000)
  object space 236544K, 88% used [0x00000000c0000000,0x00000000ccb9c680,0x00000000ce700000)
 Metaspace       used 85851K, committed 87104K, reserved 1130496K
  class space    used 8488K, committed 9088K, reserved 1048576K
}
Event: 7180.727 GC heap before
{Heap before GC invocations=1572 (full 48):
 PSYoungGen      total 20992K, used 20971K [0x00000000eab00000, 0x00000000ee400000, 0x0000000100000000)
  eden space 18944K, 100% used [0x00000000eab00000,0x00000000ebd80000,0x00000000ebd80000)
  from space 2048K, 99% used [0x00000000ebd80000,0x00000000ebf7af98,0x00000000ebf80000)
  to   space 18944K, 0% used [0x00000000ed180000,0x00000000ed180000,0x00000000ee400000)
 ParOldGen       total 236544K, used 208497K [0x00000000c0000000, 0x00000000ce700000, 0x00000000eab00000)
  object space 236544K, 88% used [0x00000000c0000000,0x00000000ccb9c680,0x00000000ce700000)
 Metaspace       used 85851K, committed 87104K, reserved 1130496K
  class space    used 8488K, committed 9088K, reserved 1048576K
}
Event: 7180.737 GC heap after
{Heap after GC invocations=1572 (full 48):
 PSYoungGen      total 40448K, used 16937K [0x00000000eab00000, 0x00000000ee400000, 0x0000000100000000)
  eden space 21504K, 0% used [0x00000000eab00000,0x00000000eab00000,0x00000000ec000000)
  from space 18944K, 89% used [0x00000000ed180000,0x00000000ee20a420,0x00000000ee400000)
  to   space 17920K, 0% used [0x00000000ec000000,0x00000000ec000000,0x00000000ed180000)
 ParOldGen       total 236544K, used 210476K [0x00000000c0000000, 0x00000000ce700000, 0x00000000eab00000)
  object space 236544K, 88% used [0x00000000c0000000,0x00000000ccd8b218,0x00000000ce700000)
 Metaspace       used 85851K, committed 87104K, reserved 1130496K
  class space    used 8488K, committed 9088K, reserved 1048576K
}
Event: 7180.746 GC heap before
{Heap before GC invocations=1573 (full 48):
 PSYoungGen      total 40448K, used 38441K [0x00000000eab00000, 0x00000000ee400000, 0x0000000100000000)
  eden space 21504K, 100% used [0x00000000eab00000,0x00000000ec000000,0x00000000ec000000)
  from space 18944K, 89% used [0x00000000ed180000,0x00000000ee20a420,0x00000000ee400000)
  to   space 17920K, 0% used [0x00000000ec000000,0x00000000ec000000,0x00000000ed180000)
 ParOldGen       total 236544K, used 210476K [0x00000000c0000000, 0x00000000ce700000, 0x00000000eab00000)
  object space 236544K, 88% used [0x00000000c0000000,0x00000000ccd8b218,0x00000000ce700000)
 Metaspace       used 85851K, committed 87104K, reserved 1130496K
  class space    used 8488K, committed 9088K, reserved 1048576K
}
Event: 7180.757 GC heap after
{Heap after GC invocations=1573 (full 48):
 PSYoungGen      total 23040K, used 1120K [0x00000000eab00000, 0x00000000ed200000, 0x0000000100000000)
  eden space 21504K, 0% used [0x00000000eab00000,0x00000000eab00000,0x00000000ec000000)
  from space 1536K, 72% used [0x00000000ec000000,0x00000000ec118000,0x00000000ec180000)
  to   space 7168K, 0% used [0x00000000ecb00000,0x00000000ecb00000,0x00000000ed200000)
 ParOldGen       total 236544K, used 227369K [0x00000000c0000000, 0x00000000ce700000, 0x00000000eab00000)
  object space 236544K, 96% used [0x00000000c0000000,0x00000000cde0a648,0x00000000ce700000)
 Metaspace       used 85851K, committed 87104K, reserved 1130496K
  class space    used 8488K, committed 9088K, reserved 1048576K
}
Event: 7180.757 GC heap before
{Heap before GC invocations=1574 (full 49):
 PSYoungGen      total 23040K, used 1120K [0x00000000eab00000, 0x00000000ed200000, 0x0000000100000000)
  eden space 21504K, 0% used [0x00000000eab00000,0x00000000eab00000,0x00000000ec000000)
  from space 1536K, 72% used [0x00000000ec000000,0x00000000ec118000,0x00000000ec180000)
  to   space 7168K, 0% used [0x00000000ecb00000,0x00000000ecb00000,0x00000000ed200000)
 ParOldGen       total 236544K, used 227369K [0x00000000c0000000, 0x00000000ce700000, 0x00000000eab00000)
  object space 236544K, 96% used [0x00000000c0000000,0x00000000cde0a648,0x00000000ce700000)
 Metaspace       used 85851K, committed 87104K, reserved 1130496K
  class space    used 8488K, committed 9088K, reserved 1048576K
}

